<?xml version="1.0" encoding="UTF-8"?>
<!-- Generated by org.testng.reporters.JUnitXMLReporter -->
<testsuite hostname="DESKTOP-7QICBEU" name="Test" tests="4" failures="0" timestamp="22 Sep 2020 02:44:48 GMT" time="37.091" errors="0">
  <testcase name="basePageNavigation" time="9.912" classname="academy.HomePage"/>
  <testcase name="basePageNavigation" time="9.83" classname="academy.HomePage"/>
  <testcase name="basePageNavigation" time="0.085" classname="academy.NavBarValidate"/>
  <testcase name="basePageNavigation" time="0.087" classname="academy.ValidateTitle"/>
</testsuite> <!-- Test -->
