<?xml version="1.0" encoding="UTF-8"?>
<testng-results skipped="0" failed="0" total="4" passed="4">
  <reporter-output>
  </reporter-output>
  <suite name="Suite" duration-ms="37091" started-at="2020-09-22T02:44:11Z" finished-at="2020-09-22T02:44:48Z">
    <groups>
    </groups>
    <test name="Test" duration-ms="37091" started-at="2020-09-22T02:44:11Z" finished-at="2020-09-22T02:44:48Z">
      <class name="academy.NavBarValidate">
        <test-method status="PASS" signature="browserUrlLaunch()[pri:0, instance:academy.NavBarValidate@78e94dcf]" name="browserUrlLaunch" is-config="true" duration-ms="9240" started-at="2020-09-21T21:44:11Z" finished-at="2020-09-21T21:44:20Z">
          <reporter-output>
          </reporter-output>
        </test-method> <!-- browserUrlLaunch -->
        <test-method status="PASS" signature="browserUrlLaunch()[pri:0, instance:academy.ValidateTitle@2928854b]" name="browserUrlLaunch" is-config="true" duration-ms="7705" started-at="2020-09-21T21:44:20Z" finished-at="2020-09-21T21:44:28Z">
          <reporter-output>
          </reporter-output>
        </test-method> <!-- browserUrlLaunch -->
        <test-method status="PASS" signature="basePageNavigation()[pri:0, instance:academy.NavBarValidate@78e94dcf]" name="basePageNavigation" duration-ms="85" started-at="2020-09-21T21:44:48Z" finished-at="2020-09-21T21:44:48Z">
          <reporter-output>
          </reporter-output>
        </test-method> <!-- basePageNavigation -->
        <test-method status="PASS" signature="teardown()[pri:0, instance:academy.NavBarValidate@78e94dcf]" name="teardown" is-config="true" duration-ms="106" started-at="2020-09-21T21:44:48Z" finished-at="2020-09-21T21:44:48Z">
          <reporter-output>
          </reporter-output>
        </test-method> <!-- teardown -->
        <test-method status="PASS" signature="teardown()[pri:0, instance:academy.ValidateTitle@2928854b]" name="teardown" is-config="true" duration-ms="113" started-at="2020-09-21T21:44:48Z" finished-at="2020-09-21T21:44:48Z">
          <reporter-output>
          </reporter-output>
        </test-method> <!-- teardown -->
      </class> <!-- academy.NavBarValidate -->
      <class name="academy.HomePage">
        <test-method status="PASS" signature="basePageNavigation(java.lang.String, java.lang.String, java.lang.String)[pri:0, instance:academy.HomePage@79efed2d]" name="basePageNavigation" duration-ms="9912" started-at="2020-09-21T21:44:28Z" data-provider="getData" finished-at="2020-09-21T21:44:38Z">
          <params>
            <param index="0">
              <value>
                <![CDATA[nonrestricteduser@qw.com]]>
              </value>
            </param>
            <param index="1">
              <value>
                <![CDATA[1234]]>
              </value>
            </param>
            <param index="2">
              <value>
                <![CDATA[NonRestricted User]]>
              </value>
            </param>
          </params>
          <reporter-output>
          </reporter-output>
        </test-method> <!-- basePageNavigation -->
        <test-method status="PASS" signature="basePageNavigation(java.lang.String, java.lang.String, java.lang.String)[pri:0, instance:academy.HomePage@79efed2d]" name="basePageNavigation" duration-ms="9830" started-at="2020-09-21T21:44:38Z" data-provider="getData" finished-at="2020-09-21T21:44:48Z">
          <params>
            <param index="0">
              <value>
                <![CDATA[restricteduser@qw.com]]>
              </value>
            </param>
            <param index="1">
              <value>
                <![CDATA[1234]]>
              </value>
            </param>
            <param index="2">
              <value>
                <![CDATA[Restricted User]]>
              </value>
            </param>
          </params>
          <reporter-output>
          </reporter-output>
        </test-method> <!-- basePageNavigation -->
      </class> <!-- academy.HomePage -->
      <class name="academy.ValidateTitle">
        <test-method status="PASS" signature="basePageNavigation()[pri:0, instance:academy.ValidateTitle@2928854b]" name="basePageNavigation" duration-ms="87" started-at="2020-09-21T21:44:48Z" finished-at="2020-09-21T21:44:48Z">
          <reporter-output>
          </reporter-output>
        </test-method> <!-- basePageNavigation -->
      </class> <!-- academy.ValidateTitle -->
    </test> <!-- Test -->
  </suite> <!-- Suite -->
</testng-results>
